# JRE version: OpenJDK Runtime Environment Temurin-11.0.16.1+1 (11.0.16.1+1) (build 11.0.16.1+1)
# Java VM: OpenJDK 64-Bit Server VM Temurin-11.0.16.1+1 (11.0.16.1+1, mixed mode, tiered, compressed oops, g1 gc, windows-amd64)
Heap:
 garbage-first heap   total 126976K, used 63488K [0x0000000084000000, 0x0000000100000000)
  region size 1024K, 46 young (47104K), 4 survivors (4096K)
 Metaspace       used 29068K, capacity 29389K, committed 29616K, reserved 1075200K
  class space    used 3119K, capacity 3230K, committed 3328K, reserved 1048576K
GC Heap History (8 events):
Event: 0.574 GC heap before
{Heap before GC invocations=0 (full 0):
 garbage-first heap   total 126976K, used 24576K [0x0000000084000000, 0x0000000100000000)
  region size 1024K, 24 young (24576K), 0 survivors (0K)
 Metaspace       used 9873K, capacity 9980K, committed 10240K, reserved 1058816K
  class space    used 896K, capacity 960K, committed 1024K, reserved 1048576K
}
Event: 0.580 GC heap after
{Heap after GC invocations=1 (full 0):
 garbage-first heap   total 126976K, used 6984K [0x0000000084000000, 0x0000000100000000)
  region size 1024K, 3 young (3072K), 3 survivors (3072K)
 Metaspace       used 9873K, capacity 9980K, committed 10240K, reserved 1058816K
  class space    used 896K, capacity 960K, committed 1024K, reserved 1048576K
}
Event: 1.734 GC heap before
{Heap before GC invocations=1 (full 0):
 garbage-first heap   total 126976K, used 84808K [0x0000000084000000, 0x0000000100000000)
  region size 1024K, 74 young (75776K), 3 survivors (3072K)
 Metaspace       used 19573K, capacity 19745K, committed 19968K, reserved 1067008K
  class space    used 2169K, capacity 2241K, committed 2304K, reserved 1048576K
}
Event: 1.748 GC heap after
{Heap after GC invocations=2 (full 0):
 garbage-first heap   total 126976K, used 17194K [0x0000000084000000, 0x0000000100000000)
  region size 1024K, 10 young (10240K), 10 survivors (10240K)
 Metaspace       used 19573K, capacity 19745K, committed 19968K, reserved 1067008K
  class space    used 2169K, capacity 2241K, committed 2304K, reserved 1048576K
}
Event: 1.906 GC heap before
{Heap before GC invocations=2 (full 0):
 garbage-first heap   total 126976K, used 23338K [0x0000000084000000, 0x0000000100000000)
  region size 1024K, 17 young (17408K), 10 survivors (10240K)
 Metaspace       used 20886K, capacity 21127K, committed 21296K, reserved 1069056K
  class space    used 2339K, capacity 2402K, committed 2432K, reserved 1048576K
}
Event: 1.917 GC heap after
{Heap after GC invocations=3 (full 0):
 garbage-first heap   total 126976K, used 18432K [0x0000000084000000, 0x0000000100000000)
  region size 1024K, 1 young (1024K), 1 survivors (1024K)
 Metaspace       used 20886K, capacity 21127K, committed 21296K, reserved 1069056K
  class space    used 2339K, capacity 2402K, committed 2432K, reserved 1048576K
}
Event: 3.066 GC heap before
{Heap before GC invocations=4 (full 0):
 garbage-first heap   total 126976K, used 59392K [0x0000000084000000, 0x0000000100000000)
  region size 1024K, 41 young (41984K), 1 survivors (1024K)
 Metaspace       used 25405K, capacity 25722K, committed 26032K, reserved 1073152K
  class space    used 2862K, capacity 2985K, committed 3072K, reserved 1048576K
}
Event: 3.089 GC heap after
{Heap after GC invocations=5 (full 0):
 garbage-first heap   total 126976K, used 21504K [0x0000000084000000, 0x0000000100000000)
  region size 1024K, 4 young (4096K), 4 survivors (4096K)
 Metaspace       used 25405K, capacity 25722K, committed 26032K, reserved 1073152K
  class space    used 2862K, capacity 2985K, committed 3072K, reserved 1048576K
}

